[2019-08-31 21:40:39] elastic.WARNING: Curl exception encountered. [] []
[2019-08-31 21:40:39] elastic.WARNING: Request Failure: {"method":"POST","uri":"http://localhost:9200/blog/post/_search","headers":{"Host":["localhost:9200"],"Content-Type":["application/json"],"Accept":["application/json"],"User-Agent":["elasticsearch-php/6.7.1 (Linux 4.9.184-linuxkit, PHP 7.3.1)"]},"HTTP code":null,"duration":0.004551,"error":"cURL error 7: Failed to connect to localhost port 9200: Connection refused"} []
[2019-08-31 21:40:39] elastic.WARNING: Response [null] []
[2019-08-31 21:40:39] elastic.WARNING: Marking node localhost:9200 dead. [] []
[2019-08-31 21:40:39] elastic.WARNING: Retries left? true [] []
[2019-08-31 21:40:39] elastic.CRITICAL: No alive nodes found in cluster [] []
[2019-08-31 21:46:03] elastic.WARNING: Curl exception encountered. [] []
[2019-08-31 21:46:03] elastic.WARNING: Request Failure: {"method":"PUT","uri":"http://localhost:9200/blog/post/1","headers":{"Host":["localhost:9200"],"Content-Type":["application/json"],"Accept":["application/json"],"User-Agent":["elasticsearch-php/6.7.1 (Linux 4.9.184-linuxkit, PHP 7.3.1)"]},"HTTP code":null,"duration":0.004272,"error":"cURL error 7: Failed to connect to localhost port 9200: Connection refused"} []
[2019-08-31 21:46:03] elastic.WARNING: Response [null] []
[2019-08-31 21:46:03] elastic.WARNING: Marking node localhost:9200 dead. [] []
[2019-08-31 21:46:03] elastic.WARNING: Retries left? true [] []
[2019-08-31 21:46:03] elastic.CRITICAL: No alive nodes found in cluster [] []
[2019-08-31 21:58:07] elastic.WARNING: Curl exception encountered. [] []
[2019-08-31 21:58:07] elastic.WARNING: Request Failure: {"method":"PUT","uri":"http://localhost:9200/blog/post/1","headers":{"Host":["localhost:9200"],"Content-Type":["application/json"],"Accept":["application/json"],"User-Agent":["elasticsearch-php/6.7.1 (Linux 4.9.184-linuxkit, PHP 7.3.1)"]},"HTTP code":null,"duration":0.004428,"error":"cURL error 7: Failed to connect to localhost port 9200: Connection refused"} []
[2019-08-31 21:58:07] elastic.WARNING: Response [null] []
[2019-08-31 21:58:07] elastic.WARNING: Marking node localhost:9200 dead. [] []
[2019-08-31 21:58:07] elastic.WARNING: Retries left? true [] []
[2019-08-31 21:58:07] elastic.CRITICAL: No alive nodes found in cluster [] []
[2019-08-31 22:21:57] elastic.WARNING: Request Failure: {"method":"POST","uri":"http://elasticsearch:9200/blog/post/_search","headers":{"Host":["elasticsearch:9200"],"Content-Type":["application/json"],"Accept":["application/json"],"User-Agent":["elasticsearch-php/6.7.1 (Linux 4.9.184-linuxkit, PHP 7.3.1)"]},"HTTP code":404,"duration":0.029599,"error":"{\"error\":{\"root_cause\":[{\"type\":\"index_not_found_exception\",\"reason\":\"no such index [blog]\",\"resource.type\":\"index_or_alias\",\"resource.id\":\"blog\",\"index_uuid\":\"_na_\",\"index\":\"blog\"}],\"type\":\"index_not_found_exception\",\"reason\":\"no such index [blog]\",\"resource.type\":\"index_or_alias\",\"resource.id\":\"blog\",\"index_uuid\":\"_na_\",\"index\":\"blog\"},\"status\":404}"} []
[2019-08-31 22:21:57] elastic.WARNING: Response ["{\"error\":{\"root_cause\":[{\"type\":\"index_not_found_exception\",\"reason\":\"no such index [blog]\",\"resource.type\":\"index_or_alias\",\"resource.id\":\"blog\",\"index_uuid\":\"_na_\",\"index\":\"blog\"}],\"type\":\"index_not_found_exception\",\"reason\":\"no such index [blog]\",\"resource.type\":\"index_or_alias\",\"resource.id\":\"blog\",\"index_uuid\":\"_na_\",\"index\":\"blog\"},\"status\":404}"] []
